<?xml version="1.0" encoding="UTF-8"?>
<!-- Generated by org.testng.reporters.JUnitReportReporter -->
<testsuite skipped="0" hostname="WKWIN2064044" name="Skillset.AppiumTest" tests="2" failures="0" timestamp="2020-01-17T15:40:47 IST" time="0.010" errors="0">
  <testcase name="MobileAutomation" time="0.009" classname="Skillset.AppiumTest"/>
  <system-out/>
  <testcase name="Mobileautomation1" time="0.001" classname="Skillset.AppiumTest"/>
  <system-out/>
</testsuite> <!-- Skillset.AppiumTest -->
