<?xml version="1.0" encoding="UTF-8"?>
<!-- Generated by org.testng.reporters.JUnitReportReporter -->
<testsuite skipped="0" hostname="WKWIN2064044" name="Skillset.RESTAPITest" tests="2" failures="0" timestamp="2020-01-17T15:40:47 IST" time="0.004" errors="0">
  <testcase name="RestApi1" time="0.001" classname="Skillset.RESTAPITest"/>
  <system-out/>
  <testcase name="RestApi2" time="0.003" classname="Skillset.RESTAPITest"/>
  <system-out/>
</testsuite> <!-- Skillset.RESTAPITest -->
