<?xml version="1.0" encoding="UTF-8"?>
<!-- Generated by org.testng.reporters.JUnitReportReporter -->
<testsuite skipped="0" hostname="WKWIN2064044" name="Skillset.SeleniumTest" tests="2" failures="0" timestamp="2020-01-17T15:40:47 IST" time="0.008" errors="0">
  <testcase name="BrowserAutomation1" time="0.006" classname="Skillset.SeleniumTest"/>
  <system-out/>
  <testcase name="BrowserAutomation" time="0.002" classname="Skillset.SeleniumTest"/>
  <system-out/>
</testsuite> <!-- Skillset.SeleniumTest -->
