<?xml version="1.0" encoding="UTF-8"?>
<!-- Generated by org.testng.reporters.JUnitReportReporter -->
<testsuite hostname="WKWIN2064044" failures="0" tests="2" name="Skillset.AppiumTest" time="0.005" errors="0" timestamp="2020-01-17T15:36:43 IST" skipped="0">
  <testcase classname="Skillset.AppiumTest" name="Mobileautomation1" time="0.001"/>
  <system-out/>
  <testcase classname="Skillset.AppiumTest" name="MobileAutomation" time="0.004"/>
  <system-out/>
</testsuite> <!-- Skillset.AppiumTest -->
