<?xml version="1.0" encoding="UTF-8"?>
<!-- Generated by org.testng.reporters.JUnitReportReporter -->
<testsuite hostname="WKWIN2064044" failures="0" tests="2" name="Skillset.SeleniumTest" time="0.000" errors="0" timestamp="2020-01-17T15:36:43 IST" skipped="0">
  <testcase classname="Skillset.SeleniumTest" name="BrowserAutomation" time="0.000"/>
  <system-out/>
  <testcase classname="Skillset.SeleniumTest" name="BrowserAutomation1" time="0.000"/>
  <system-out/>
</testsuite> <!-- Skillset.SeleniumTest -->
